<?xml version="1.0" encoding="UTF-8"?>
<!-- Generated by org.testng.reporters.JUnitReportReporter -->
<testsuite hostname="DESKTOP-LLS7CNB" failures="0" tests="3" name="AppiumApplicationTest" time="21.816" errors="0" timestamp="2024-01-22T00:31:43 EET" skipped="2">
  <testcase classname="AppiumApplicationTest" name="clickonevenNumbers" time="21.816"/>
  <system-out/>
  <testcase classname="AppiumApplicationTest" name="myTest">
    <skipped/>
  </testcase> <!-- myTest -->
  <system-out/>
  <testcase classname="AppiumApplicationTest" name="ClickOnAllnumbers">
    <skipped/>
  </testcase> <!-- ClickOnAllnumbers -->
  <system-out/>
</testsuite> <!-- AppiumApplicationTest -->
